[+] Tue 07/21/2026 14:43:44.97 Starting bot...
=== LIVE TRADING MODE ===
[WARNING] MT5 not connected. Running in SIMULATION mode.
[LOAD] Model loaded
=== LIVE TRADING MODE ===
[WARNING] MT5 not connected. Running in SIMULATION mode.
[LOAD] Model loaded
=== LIVE TRADING MODE ===
[WARNING] MT5 not connected. Running in SIMULATION mode.
[LOAD] Model loaded
=== LIVE TRADING MODE ===
[WARNING] MT5 not connected. Running in SIMULATION mode.
[LOAD] Model loaded
=== LIVE TRADING MODE ===
[WARNING] MT5 not connected. Running in SIMULATION mode.
[LOAD] Model loaded
=== LIVE TRADING MODE ===
[WARNING] MT5 not connected. Running in SIMULATION mode.
[LOAD] Model loaded
=== LIVE TRADING MODE ===
[WARNING] MT5 not connected. Running in SIMULATION mode.
[LOAD] Model loaded
=== LIVE TRADING MODE ===
[WARNING] MT5 not connected. Running in SIMULATION mode.
[LOAD] Model loaded
=== LIVE TRADING MODE ===
[WARNING] MT5 not connected. Running in SIMULATION mode.
[LOAD] Model loaded
=== LIVE TRADING MODE ===
[WARNING] MT5 not connected. Running in SIMULATION mode.
[LOAD] Model loaded
=== LIVE TRADING MODE ===
[WARNING] MT5 not connected. Running in SIMULATION mode.
[LOAD] Model loaded
=== LIVE TRADING MODE ===
[WARNING] MT5 not connected. Running in SIMULATION mode.
[LOAD] Model loaded
=== LIVE TRADING MODE ===
[WARNING] MT5 not connected. Running in SIMULATION mode.
[LOAD] Model loaded
=== LIVE TRADING MODE ===
[WARNING] MT5 not connected. Running in SIMULATION mode.
[LOAD] Model loaded
=== LIVE TRADING MODE ===
[WARNING] MT5 not connected. Running in SIMULATION mode.
[LOAD] Model loaded
=== LIVE TRADING MODE ===
[WARNING] MT5 not connected. Running in SIMULATION mode.
[LOAD] Model loaded
=== LIVE TRADING MODE ===
[WARNING] MT5 not connected. Running in SIMULATION mode.
[LOAD] Model loaded
=== LIVE TRADING MODE ===
[WARNING] MT5 not connected. Running in SIMULATION mode.
[LOAD] Model loaded
=== LIVE TRADING MODE ===
[WARNING] MT5 not connected. Running in SIMULATION mode.
[LOAD] Model loaded
=== LIVE TRADING MODE ===
[WARNING] MT5 not connected. Running in SIMULATION mode.
[LOAD] Model loaded
=== LIVE TRADING MODE ===
[WARNING] MT5 not connected. Running in SIMULATION mode.
[LOAD] Model loaded
=== LIVE TRADING MODE ===
[WARNING] MT5 not connected. Running in SIMULATION mode.
[LOAD] Model loaded
=== LIVE TRADING MODE ===
[WARNING] MT5 not connected. Running in SIMULATION mode.
[LOAD] Model loaded
=== LIVE TRADING MODE ===
[WARNING] MT5 not connected. Running in SIMULATION mode.
[LOAD] Model loaded
=== LIVE TRADING MODE ===
[WARNING] MT5 not connected. Running in SIMULATION mode.
[LOAD] Model loaded
=== LIVE TRADING MODE ===
[WARNING] MT5 not connected. Running in SIMULATION mode.
[LOAD] Model loaded
=== LIVE TRADING MODE ===
[WARNING] MT5 not connected. Running in SIMULATION mode.
[LOAD] Model loaded
=== LIVE TRADING MODE ===
[WARNING] MT5 not connected. Running in SIMULATION mode.
[LOAD] Model loaded
=== LIVE TRADING MODE ===
[WARNING] MT5 not connected. Running in SIMULATION mode.
[LOAD] Model loaded
=== LIVE TRADING MODE ===
[WARNING] MT5 not connected. Running in SIMULATION mode.
[LOAD] Model loaded
=== LIVE TRADING MODE ===
[WARNING] MT5 not connected. Running in SIMULATION mode.
[LOAD] Model loaded
=== LIVE TRADING MODE ===
[WARNING] MT5 not connected. Running in SIMULATION mode.
[LOAD] Model loaded
=== LIVE TRADING MODE ===
[WARNING] MT5 not connected. Running in SIMULATION mode.
[LOAD] Model loaded
=== LIVE TRADING MODE ===
[WARNING] MT5 not connected. Running in SIMULATION mode.
[LOAD] Model loaded
=== LIVE TRADING MODE ===
[WARNING] MT5 not connected. Running in SIMULATION mode.
[LOAD] Model loaded
=== LIVE TRADING MODE ===
[WARNING] MT5 not connected. Running in SIMULATION mode.
[LOAD] Model loaded
Terminate batch job (Y/N)? 